▶ mkdir blog.hexo
▶ cd !$
▶ ln -sf /home/eexp/bin/blog.hexo-source source
▶ hexo init
INFO  Cloning hexo-starter to ~/文档/blog.hexo
fatal: 目标路径 '/home/eexp/文档/blog.hexo' 已经存在，并且不是一个空目录。
WARN  git clone failed. Copying data instead
INFO  Install dependencies
npm WARN prefer global marked@0.3.5 should be installed with -g

> dtrace-provider@0.6.0 install /home/eexp/文档/blog.hexo/node_modules/dtrace-provider
> node scripts/install.js


> spawn-sync@1.0.15 postinstall /home/eexp/文档/blog.hexo/node_modules/spawn-sync
> node postinstall


> hexo-util@0.5.3 postinstall /home/eexp/文档/blog.hexo/node_modules/hexo-util
> npm run build:highlight


> hexo-util@0.5.3 build:highlight /home/eexp/文档/blog.hexo/node_modules/hexo-util
> node scripts/build_highlight_alias.js > highlight_alias.json

hexo-site@0.0.0 /home/eexp/文档/blog.hexo
├─┬ hexo@3.2.0 
│ ├── abbrev@1.0.7 
│ ├── archy@1.0.0 
│ ├── bluebird@3.3.5 
│ ├─┬ chalk@1.1.3 
│ │ ├── ansi-styles@2.2.1 
│ │ ├── escape-string-regexp@1.0.5 
│ │ ├─┬ has-ansi@2.0.0 
│ │ │ └── ansi-regex@2.0.0 
│ │ ├── strip-ansi@3.0.1 
│ │ └── supports-color@2.0.0 
│ ├─┬ cheerio@0.20.0 
│ │ ├─┬ css-select@1.2.0 
│ │ │ ├── boolbase@1.0.0 
│ │ │ ├── css-what@2.1.0 
│ │ │ ├── domutils@1.5.1 
│ │ │ └── nth-check@1.0.1 
│ │ ├─┬ dom-serializer@0.1.0 
│ │ │ └── domelementtype@1.1.3 
│ │ ├── entities@1.1.1 
│ │ ├─┬ htmlparser2@3.8.3 
│ │ │ ├── domelementtype@1.3.0 
│ │ │ ├── domhandler@2.3.0 
│ │ │ ├── entities@1.0.0 
│ │ │ └─┬ readable-stream@1.1.14 
│ │ │   ├── core-util-is@1.0.2 
│ │ │   ├── isarray@0.0.1 
│ │ │   └── string_decoder@0.10.31 
│ │ └─┬ jsdom@7.2.2 
│ │   ├── abab@1.0.3 
│ │   ├── acorn@2.7.0 
│ │   ├── acorn-globals@1.0.9 
│ │   ├── cssom@0.3.1 
│ │   ├── cssstyle@0.2.34 
│ │   ├─┬ escodegen@1.8.0 
│ │   │ ├── estraverse@1.9.3 
│ │   │ ├── esutils@2.0.2 
│ │   │ ├─┬ optionator@0.8.1 
│ │   │ │ ├── deep-is@0.1.3 
│ │   │ │ ├── fast-levenshtein@1.1.3 
│ │   │ │ ├── levn@0.3.0 
│ │   │ │ ├── prelude-ls@1.1.2 
│ │   │ │ ├── type-check@0.3.2 
│ │   │ │ └── wordwrap@1.0.0 
│ │   │ └── source-map@0.2.0 
│ │   ├── nwmatcher@1.3.7 
│ │   ├── parse5@1.5.1 
│ │   ├─┬ request@2.72.0 
│ │   │ ├── aws-sign2@0.6.0 
│ │   │ ├── aws4@1.3.2 
│ │   │ ├─┬ bl@1.1.2 
│ │   │ │ └─┬ readable-stream@2.0.6 
│ │   │ │   └── isarray@1.0.0 
│ │   │ ├── caseless@0.11.0 
│ │   │ ├─┬ combined-stream@1.0.5 
│ │   │ │ └── delayed-stream@1.0.0 
│ │   │ ├── extend@3.0.0 
│ │   │ ├── forever-agent@0.6.1 
│ │   │ ├─┬ form-data@1.0.0-rc4 
│ │   │ │ └── async@1.5.2 
│ │   │ ├─┬ har-validator@2.0.6 
│ │   │ │ ├─┬ commander@2.9.0 
│ │   │ │ │ └── graceful-readlink@1.0.1 
│ │   │ │ ├─┬ is-my-json-valid@2.13.1 
│ │   │ │ │ ├── generate-function@2.0.0 
│ │   │ │ │ ├─┬ generate-object-property@1.2.0 
│ │   │ │ │ │ └── is-property@1.0.2 
│ │   │ │ │ ├── jsonpointer@2.0.0 
│ │   │ │ │ └── xtend@4.0.1 
│ │   │ │ └─┬ pinkie-promise@2.0.1 
│ │   │ │   └── pinkie@2.0.4 
│ │   │ ├─┬ hawk@3.1.3 
│ │   │ │ ├── boom@2.10.1 
│ │   │ │ ├── cryptiles@2.0.5 
│ │   │ │ ├── hoek@2.16.3 
│ │   │ │ └── sntp@1.0.9 
│ │   │ ├─┬ http-signature@1.1.1 
│ │   │ │ ├── assert-plus@0.2.0 
│ │   │ │ ├─┬ jsprim@1.2.2 
│ │   │ │ │ ├── extsprintf@1.0.2 
│ │   │ │ │ ├── json-schema@0.2.2 
│ │   │ │ │ └── verror@1.3.6 
│ │   │ │ └─┬ sshpk@1.7.4 
│ │   │ │   ├── asn1@0.2.3 
│ │   │ │   ├─┬ dashdash@1.13.0 
│ │   │ │   │ └── assert-plus@1.0.0 
│ │   │ │   ├── ecc-jsbn@0.1.1 
│ │   │ │   ├── jodid25519@1.0.2 
│ │   │ │   ├── jsbn@0.1.0 
│ │   │ │   └── tweetnacl@0.14.3 
│ │   │ ├── is-typedarray@1.0.0 
│ │   │ ├── isstream@0.1.2 
│ │   │ ├── json-stringify-safe@5.0.1 
│ │   │ ├── node-uuid@1.4.7 
│ │   │ ├── oauth-sign@0.8.1 
│ │   │ ├── qs@6.1.0 
│ │   │ ├── stringstream@0.0.5 
│ │   │ └── tunnel-agent@0.4.2 
│ │   ├── sax@1.2.1 
│ │   ├── symbol-tree@3.1.4 
│ │   ├── tough-cookie@2.2.2 
│ │   ├── webidl-conversions@2.0.1 
│ │   ├─┬ whatwg-url-compat@0.6.5 
│ │   │ └── tr46@0.0.3 
│ │   └── xml-name-validator@2.0.1 
│ ├─┬ hexo-cli@1.0.1 
│ │ └── minimist@1.2.0 
│ ├── hexo-front-matter@0.2.2 
│ ├─┬ hexo-fs@0.1.5 
│ │ ├─┬ chokidar@1.4.3 
│ │ │ ├─┬ anymatch@1.3.0 
│ │ │ │ ├── arrify@1.0.1 
│ │ │ │ └─┬ micromatch@2.3.7 
│ │ │ │   ├─┬ arr-diff@2.0.0 
│ │ │ │   │ └── arr-flatten@1.0.1 
│ │ │ │   ├── array-unique@0.2.1 
│ │ │ │   ├─┬ braces@1.8.3 
│ │ │ │   │ ├─┬ expand-range@1.8.1 
│ │ │ │   │ │ └─┬ fill-range@2.2.3 
│ │ │ │   │ │   ├── is-number@2.1.0 
│ │ │ │   │ │   ├── isobject@2.0.0 
│ │ │ │   │ │   ├── randomatic@1.1.5 
│ │ │ │   │ │   └── repeat-string@1.5.4 
│ │ │ │   │ ├── preserve@0.2.0 
│ │ │ │   │ └── repeat-element@1.1.2 
│ │ │ │   ├─┬ expand-brackets@0.1.5 
│ │ │ │   │ └── is-posix-bracket@0.1.1 
│ │ │ │   ├── extglob@0.3.2 
│ │ │ │   ├── filename-regex@2.0.0 
│ │ │ │   ├─┬ kind-of@3.0.2 
│ │ │ │   │ └── is-buffer@1.1.3 
│ │ │ │   ├── normalize-path@2.0.1 
│ │ │ │   ├─┬ object.omit@2.0.0 
│ │ │ │   │ ├─┬ for-own@0.1.4 
│ │ │ │   │ │ └── for-in@0.1.5 
│ │ │ │   │ └── is-extendable@0.1.1 
│ │ │ │   ├─┬ parse-glob@3.0.4 
│ │ │ │   │ ├── glob-base@0.3.0 
│ │ │ │   │ └── is-dotfile@1.0.2 
│ │ │ │   └─┬ regex-cache@0.4.3 
│ │ │ │     ├── is-equal-shallow@0.1.3 
│ │ │ │     └── is-primitive@2.0.0 
│ │ │ ├── async-each@1.0.0 
│ │ │ ├── glob-parent@2.0.0 
│ │ │ ├── inherits@2.0.1 
│ │ │ ├─┬ is-binary-path@1.0.1 
│ │ │ │ └── binary-extensions@1.4.0 
│ │ │ ├─┬ is-glob@2.0.1 
│ │ │ │ └── is-extglob@1.0.0 
│ │ │ ├── path-is-absolute@1.0.0 
│ │ │ └─┬ readdirp@2.0.0 
│ │ │   ├── minimatch@2.0.10 
│ │ │   └─┬ readable-stream@2.1.0 
│ │ │     ├─┬ inline-process-browser@2.0.1 
│ │ │     │ ├─┬ falafel@1.2.0 
│ │ │     │ │ ├── acorn@1.2.2 
│ │ │     │ │ ├── foreach@2.0.5 
│ │ │     │ │ └── object-keys@1.0.9 
│ │ │     │ └─┬ through2@0.6.5 
│ │ │     │   └── readable-stream@1.0.34 
│ │ │     ├── isarray@1.0.0 
│ │ │     ├── process-nextick-args@1.0.6 
│ │ │     ├─┬ unreachable-branch-transform@0.5.1 
│ │ │     │ ├── esmangle-evaluator@1.0.0 
│ │ │     │ └─┬ recast@0.11.5 
│ │ │     │   ├── ast-types@0.8.16 
│ │ │     │   ├── private@0.1.6 
│ │ │     │   └── source-map@0.5.3 
│ │ │     └── util-deprecate@1.0.2 
│ │ └── graceful-fs@4.1.3 
│ ├─┬ hexo-i18n@0.2.1 
│ │ └── sprintf-js@1.0.3 
│ ├─┬ hexo-log@0.1.2 
│ │ └─┬ bunyan@1.8.0 
│ │   ├─┬ dtrace-provider@0.6.0 
│ │   │ └── nan@2.2.1 
│ │   ├─┬ mv@2.1.1 
│ │   │ ├── ncp@2.0.0 
│ │   │ └─┬ rimraf@2.4.5 
│ │   │   └─┬ glob@6.0.4 
│ │   │     ├─┬ inflight@1.0.4 
│ │   │     │ └── wrappy@1.0.1 
│ │   │     └── once@1.3.3 
│ │   └── safe-json-stringify@1.0.3 
│ ├─┬ hexo-util@0.5.3 
│ │ ├─┬ camel-case@1.2.2 
│ │ │ ├─┬ sentence-case@1.1.3 
│ │ │ │ └── lower-case@1.1.3 
│ │ │ └── upper-case@1.1.3 
│ │ ├─┬ cross-spawn@2.2.3 
│ │ │ ├─┬ cross-spawn-async@2.2.2 
│ │ │ │ ├─┬ lru-cache@4.0.1 
│ │ │ │ │ ├── pseudomap@1.0.2 
│ │ │ │ │ └── yallist@2.0.0 
│ │ │ │ └─┬ which@1.2.4 
│ │ │ │   ├─┬ is-absolute@0.1.7 
│ │ │ │   │ └── is-relative@0.1.3 
│ │ │ │   └── isexe@1.1.2 
│ │ │ └─┬ spawn-sync@1.0.15 
│ │ │   ├─┬ concat-stream@1.5.1 
│ │ │   │ ├─┬ readable-stream@2.0.6 
│ │ │   │ │ └── isarray@1.0.0 
│ │ │   │ └── typedarray@0.0.6 
│ │ │   └── os-shim@0.1.3 
│ │ ├── highlight.js@9.3.0 
│ │ ├── html-entities@1.2.0 
│ │ └── striptags@2.1.1 
│ ├─┬ js-yaml@3.6.0 
│ │ ├── argparse@1.0.7 
│ │ └── esprima@2.7.2 
│ ├── lodash@4.11.1 
│ ├─┬ minimatch@3.0.0 
│ │ └─┬ brace-expansion@1.1.3 
│ │   ├── balanced-match@0.3.0 
│ │   └── concat-map@0.0.1 
│ ├── moment@2.11.2 
│ ├── moment-timezone@0.5.3 
│ ├─┬ nunjucks@2.4.2 
│ │ ├── asap@2.0.3 
│ │ └─┬ yargs@3.32.0 
│ │   ├── camelcase@2.1.1 
│ │   ├─┬ cliui@3.2.0 
│ │   │ └── wrap-ansi@2.0.0 
│ │   ├── decamelize@1.2.0 
│ │   ├─┬ os-locale@1.4.0 
│ │   │ └─┬ lcid@1.0.0 
│ │   │   └── invert-kv@1.0.0 
│ │   ├─┬ string-width@1.0.1 
│ │   │ ├─┬ code-point-at@1.0.0 
│ │   │ │ └── number-is-nan@1.0.0 
│ │   │ └── is-fullwidth-code-point@1.0.0 
│ │   ├── window-size@0.1.4 
│ │   └── y18n@3.2.1 
│ ├── pretty-hrtime@1.0.2 
│ ├─┬ strip-indent@1.0.1 
│ │ └── get-stdin@4.0.1 
│ ├─┬ swig@1.4.2 
│ │ ├─┬ optimist@0.6.1 
│ │ │ ├── minimist@0.0.10 
│ │ │ └── wordwrap@0.0.3 
│ │ └─┬ uglify-js@2.4.24 
│ │   ├── async@0.2.10 
│ │   ├── source-map@0.1.34 
│ │   ├── uglify-to-browserify@1.0.2 
│ │   └─┬ yargs@3.5.4 
│ │     ├── camelcase@1.2.1 
│ │     ├── window-size@0.1.0 
│ │     └── wordwrap@0.0.2 
│ ├─┬ swig-extras@0.0.1 
│ │ └─┬ markdown@0.5.0 
│ │   └── nopt@2.1.2 
│ ├── text-table@0.2.0 
│ ├─┬ tildify@1.2.0 
│ │ └── os-homedir@1.0.1 
│ ├── titlecase@1.1.2 
│ └─┬ warehouse@2.2.0 
│   ├─┬ cuid@1.3.8 
│   │ ├── browser-fingerprint@0.0.1 
│   │ ├── core-js@1.2.6 
│   │ └── node-fingerprint@0.0.2 
│   ├─┬ is-plain-object@2.0.1 
│   │ └── isobject@1.0.2 
│   └─┬ JSONStream@1.1.1 
│     ├── jsonparse@1.2.0 
│     └── through@2.3.8 
├─┬ hexo-generator-archive@0.1.4 
│ ├─┬ hexo-pagination@0.0.2 
│ │ └── utils-merge@1.0.0 
│ └── object-assign@2.1.1 
├─┬ hexo-generator-category@0.1.3 
│ └── object-assign@2.1.1 
├─┬ hexo-generator-index@0.2.0 
│ └── object-assign@4.0.1 
├── hexo-generator-tag@0.2.0 
├─┬ hexo-renderer-ejs@0.1.1 
│ └── ejs@1.0.0 
├─┬ hexo-renderer-marked@0.2.10 
│ └── marked@0.3.5 
├─┬ hexo-renderer-stylus@0.3.1 
│ ├─┬ nib@1.1.0 
│ │ └─┬ stylus@0.49.3 
│ │   ├─┬ glob@3.2.11 
│ │   │ └─┬ minimatch@0.3.0 
│ │   │   └── lru-cache@2.7.3 
│ │   ├── mkdirp@0.3.5 
│ │   ├── sax@0.5.8 
│ │   └── source-map@0.1.43 
│ └─┬ stylus@0.53.0 
│   ├── css-parse@1.7.0 
│   ├─┬ debug@2.2.0 
│   │ └── ms@0.7.1 
│   ├─┬ glob@3.2.11 
│   │ └─┬ minimatch@0.3.0 
│   │   ├── lru-cache@2.7.3 
│   │   └── sigmund@1.0.1 
│   ├─┬ mkdirp@0.5.1 
│   │ └── minimist@0.0.8 
│   ├── sax@0.5.8 
│   └─┬ source-map@0.1.43 
│     └── amdefine@1.0.0 
└─┬ hexo-server@0.1.3 
  ├─┬ compression@1.6.1 
  │ ├─┬ accepts@1.3.2 
  │ │ ├── mime-types@2.1.10 
  │ │ └── negotiator@0.6.0 
  │ ├── bytes@2.2.0 
  │ ├─┬ compressible@2.0.7 
  │ │ └── mime-db@1.22.0 
  │ ├── on-headers@1.0.1 
  │ └── vary@1.1.0 
  ├─┬ connect@3.4.1 
  │ ├─┬ finalhandler@0.4.1 
  │ │ └── unpipe@1.0.0 
  │ └── parseurl@1.3.1 
  ├── mime@1.3.4 
  ├─┬ morgan@1.7.0 
  │ ├── basic-auth@1.0.3 
  │ ├── depd@1.1.0 
  │ └─┬ on-finished@2.3.0 
  │   └── ee-first@1.1.1 
  ├── opn@3.0.3 
  └─┬ serve-static@1.10.2 
    ├── escape-html@1.0.3 
    └─┬ send@0.13.1 
      ├── destroy@1.0.4 
      ├── etag@1.7.0 
      ├── fresh@0.3.0 
      ├── http-errors@1.3.1 
      ├── range-parser@1.0.3 
      └── statuses@1.2.1 

npm WARN optional Skipping failed optional dependency /chokidar/fsevents:
npm WARN notsup Not compatible with your operating system or architecture: fsevents@1.0.11
INFO  Start blogging with Hexo!
▶ l
_config.yml  node_modules/  package.json  scaffolds/  source@  themes/
▶ rm source/_posts/hello-world.md 
▶ cp _config.yml _config.yml.org
▶ hexo s
INFO  Start processing
INFO  Hexo is running at http://0.0.0.0:4000/. Press Ctrl+C to stop.
^CINFO  See you again
▶ git clone https://github.com/litten/hexo-theme-yilia.git themes/yilia
正克隆到 'themes/yilia'...
remote: Counting objects: 830, done.
remote: Total 830 (delta 0), reused 0 (delta 0), pack-reused 829
接收对象中: 100% (830/830), 7.23 MiB | 303.00 KiB/s, 完成.
处理 delta 中: 100% (364/364), 完成.
检查连接... 完成。
▶ diff _config.yml*
9c9
< author: Eexpress
---
> author: John Doe
66,67c66
< theme: yilia
< # theme: landscape
---
> theme: landscape
72,76c71
<   repo: git@github.com:eexpress/eexpress.github.com.git
<   type: git
< 
< duoshuo: eexpress
< 
---
>   type:
▶ diff themes/yilia/_config.yml*
38c38
< avatar: /eexpress-256.png
---
> avatar:
▶ npm install hexo-deployer-git --save
hexo-site@0.0.0 /home/eexp/文档/blog.hexo
└── hexo-deployer-git@0.1.0 

npm WARN optional Skipping failed optional dependency /chokidar/fsevents:
npm WARN notsup Not compatible with your operating system or architecture: fsevents@1.0.11
▶ hexo d -g
INFO  Start processing
INFO  Files loaded in 1.95 s
INFO  Generated: index.html
INFO  Generated: favicon.png
INFO  Generated: archives/index.html
INFO  Generated: pic/cairo-weather.png
INFO  Generated: fancybox/blank.gif
INFO  Generated: img/anmo.jpg
.......
Username for 'https://github.com': eexpress
Password for 'https://eexpress@github.com': 
oops? need pw? if u use 'repo: https://github.com/eexpress/eexpress.github.com'
分支 master 设置为跟踪来自 https://github.com/eexpress/eexpress.github.com 的远程分支 master。
INFO  Deploy done: git
▶ l
_config.yml      db.json        package.json  scaffolds/  themes/
_config.yml.org  node_modules/  public/       source@

